ARM GAS  /var/folders/_f/88qcw_5n2jl40jjphvxyt7wh0000gn/T//ccU4WsvX.s 			page 1


   1              		.cpu cortex-m3
   2              		.arch armv7-m
   3              		.fpu softvfp
   4              		.eabi_attribute 20, 1
   5              		.eabi_attribute 21, 1
   6              		.eabi_attribute 23, 3
   7              		.eabi_attribute 24, 1
   8              		.eabi_attribute 25, 1
   9              		.eabi_attribute 26, 1
  10              		.eabi_attribute 30, 1
  11              		.eabi_attribute 34, 1
  12              		.eabi_attribute 18, 4
  13              		.file	"main.c"
  14              		.text
  15              	.Ltext0:
  16              		.cfi_sections	.debug_frame
  17              		.section	.rodata.HAL_UART_RxCpltCallback.str1.4,"aMS",%progbits,1
  18              		.align	2
  19              	.LC0:
  20 0000 6F6B0A00 		.ascii	"ok\012\000"
  21              		.align	2
  22              	.LC1:
  23 0004 6572726F 		.ascii	"error\012\000"
  23      720A00
  24              		.section	.text.HAL_UART_RxCpltCallback,"ax",%progbits
  25              		.align	1
  26              		.global	HAL_UART_RxCpltCallback
  27              		.syntax unified
  28              		.thumb
  29              		.thumb_func
  31              	HAL_UART_RxCpltCallback:
  32              	.LVL0:
  33              	.LFB65:
  34              		.file 1 "Src/main.c"
   1:Src/main.c    **** /* USER CODE BEGIN Header */
   2:Src/main.c    **** /**
   3:Src/main.c    ****  ******************************************************************************
   4:Src/main.c    ****  * @file           : main.c
   5:Src/main.c    ****  * @brief          : Main program body
   6:Src/main.c    ****  ******************************************************************************
   7:Src/main.c    ****  * @attention
   8:Src/main.c    ****  *
   9:Src/main.c    ****  * Copyright (c) 2022 STMicroelectronics.
  10:Src/main.c    ****  * All rights reserved.
  11:Src/main.c    ****  *
  12:Src/main.c    ****  * This software is licensed under terms that can be found in the LICENSE file
  13:Src/main.c    ****  * in the root directory of this software component.
  14:Src/main.c    ****  * If no LICENSE file comes with this software, it is provided AS-IS.
  15:Src/main.c    ****  *
  16:Src/main.c    ****  ******************************************************************************
  17:Src/main.c    ****  */
  18:Src/main.c    **** /* USER CODE END Header */
  19:Src/main.c    **** /* Includes ------------------------------------------------------------------*/
  20:Src/main.c    **** #include "main.h"
  21:Src/main.c    **** 
  22:Src/main.c    **** #include "gpio.h"
  23:Src/main.c    **** #include "spi.h"
ARM GAS  /var/folders/_f/88qcw_5n2jl40jjphvxyt7wh0000gn/T//ccU4WsvX.s 			page 2


  24:Src/main.c    **** #include "usart.h"
  25:Src/main.c    **** 
  26:Src/main.c    **** /* Private includes ----------------------------------------------------------*/
  27:Src/main.c    **** /* USER CODE BEGIN Includes */
  28:Src/main.c    **** #include "console.h"
  29:Src/main.c    **** #include "dac.h"
  30:Src/main.c    **** #include "stdint.h"
  31:Src/main.c    **** #include "stdlib.h"
  32:Src/main.c    **** /* USER CODE END Includes */
  33:Src/main.c    **** 
  34:Src/main.c    **** /* Private typedef -----------------------------------------------------------*/
  35:Src/main.c    **** /* USER CODE BEGIN PTD */
  36:Src/main.c    **** 
  37:Src/main.c    **** /* USER CODE END PTD */
  38:Src/main.c    **** 
  39:Src/main.c    **** /* Private define ------------------------------------------------------------*/
  40:Src/main.c    **** /* USER CODE BEGIN PD */
  41:Src/main.c    **** /* USER CODE END PD */
  42:Src/main.c    **** 
  43:Src/main.c    **** /* Private macro -------------------------------------------------------------*/
  44:Src/main.c    **** /* USER CODE BEGIN PM */
  45:Src/main.c    **** 
  46:Src/main.c    **** /* USER CODE END PM */
  47:Src/main.c    **** 
  48:Src/main.c    **** /* Private variables ---------------------------------------------------------*/
  49:Src/main.c    **** 
  50:Src/main.c    **** /* USER CODE BEGIN PV */
  51:Src/main.c    **** uint8_t text[] =
  52:Src/main.c    ****     "This program control voltage on output DAC \n\
  53:Src/main.c    **** Settings: 115200 Baud, NL (new line) \n\
  54:Src/main.c    **** Names of channels: ao0 ao1 ao2 \n\
  55:Src/main.c    **** Range output voltage: 0-10v \n\
  56:Src/main.c    **** Examples of commands: \n\
  57:Src/main.c    **** ao0 5.54 \n\
  58:Src/main.c    **** ao1 0 \n\
  59:Src/main.c    **** ao2 10 \n";
  60:Src/main.c    **** /* USER CODE END PV */
  61:Src/main.c    **** 
  62:Src/main.c    **** /* Private function prototypes
  63:Src/main.c    ****    -----------------------------------------------*/
  64:Src/main.c    **** void SystemClock_Config(void);
  65:Src/main.c    **** /* USER CODE BEGIN PFP */
  66:Src/main.c    **** 
  67:Src/main.c    **** /* USER CODE END PFP */
  68:Src/main.c    **** 
  69:Src/main.c    **** /* Private user code ---------------------------------------------------------*/
  70:Src/main.c    **** /* USER CODE BEGIN 0 */
  71:Src/main.c    **** uint8_t buf[20] = {0};
  72:Src/main.c    **** uint8_t num_symbol = 0;
  73:Src/main.c    **** 
  74:Src/main.c    **** void HAL_UART_RxCpltCallback(UART_HandleTypeDef *huart) {
  35              		.loc 1 74 57 view -0
  36              		.cfi_startproc
  37              		@ args = 0, pretend = 0, frame = 0
  38              		@ frame_needed = 0, uses_anonymous_args = 0
  39              		.loc 1 74 57 is_stmt 0 view .LVU1
  40 0000 08B5     		push	{r3, lr}
ARM GAS  /var/folders/_f/88qcw_5n2jl40jjphvxyt7wh0000gn/T//ccU4WsvX.s 			page 3


  41              	.LCFI0:
  42              		.cfi_def_cfa_offset 8
  43              		.cfi_offset 3, -8
  44              		.cfi_offset 14, -4
  75:Src/main.c    ****     // if (buf == '0') HAL_GPIO_WritePin(LED_GPIO_Port, LED_Pin, GPIO_PIN_SET);
  76:Src/main.c    ****     // if (buf == '1') HAL_GPIO_WritePin(LED_GPIO_Port, LED_Pin,
  77:Src/main.c    ****     // GPIO_PIN_RESET);
  78:Src/main.c    **** 
  79:Src/main.c    ****     if (buf[num_symbol] == '\n') {
  45              		.loc 1 79 5 is_stmt 1 view .LVU2
  46              		.loc 1 79 12 is_stmt 0 view .LVU3
  47 0002 184B     		ldr	r3, .L9
  48 0004 1B78     		ldrb	r3, [r3]	@ zero_extendqisi2
  49 0006 184A     		ldr	r2, .L9+4
  50 0008 D25C     		ldrb	r2, [r2, r3]	@ zero_extendqisi2
  51              		.loc 1 79 8 view .LVU4
  52 000a 0A2A     		cmp	r2, #10
  53 000c 0FD0     		beq	.L7
  80:Src/main.c    ****         num_symbol = 0;
  81:Src/main.c    ****         if (buf_decode(buf, sizeof(buf)) == 0)
  82:Src/main.c    ****             HAL_UART_Transmit(&huart1, "ok\n", 3, 10);
  83:Src/main.c    ****         else
  84:Src/main.c    ****             HAL_UART_Transmit(&huart1, "error\n", 6, 10);
  85:Src/main.c    ****     } else
  86:Src/main.c    ****         num_symbol++;
  54              		.loc 1 86 9 is_stmt 1 view .LVU5
  55              		.loc 1 86 19 is_stmt 0 view .LVU6
  56 000e 0133     		adds	r3, r3, #1
  57 0010 144A     		ldr	r2, .L9
  58 0012 1370     		strb	r3, [r2]
  59              	.LVL1:
  60              	.L4:
  87:Src/main.c    **** 
  88:Src/main.c    ****     if (num_symbol == 18) num_symbol = 0;
  61              		.loc 1 88 5 is_stmt 1 view .LVU7
  62              		.loc 1 88 20 is_stmt 0 view .LVU8
  63 0014 134B     		ldr	r3, .L9
  64 0016 1B78     		ldrb	r3, [r3]	@ zero_extendqisi2
  65              		.loc 1 88 8 view .LVU9
  66 0018 122B     		cmp	r3, #18
  67 001a 1ED0     		beq	.L8
  68              	.L5:
  89:Src/main.c    **** 
  90:Src/main.c    ****     HAL_UART_Receive_IT(&huart1, buf + num_symbol, 1);
  69              		.loc 1 90 5 is_stmt 1 view .LVU10
  70 001c 114B     		ldr	r3, .L9
  71 001e 1B78     		ldrb	r3, [r3]	@ zero_extendqisi2
  72 0020 0122     		movs	r2, #1
  73 0022 1149     		ldr	r1, .L9+4
  74 0024 1944     		add	r1, r1, r3
  75 0026 1148     		ldr	r0, .L9+8
  76 0028 FFF7FEFF 		bl	HAL_UART_Receive_IT
  77              	.LVL2:
  91:Src/main.c    **** }
  78              		.loc 1 91 1 is_stmt 0 view .LVU11
  79 002c 08BD     		pop	{r3, pc}
  80              	.LVL3:
ARM GAS  /var/folders/_f/88qcw_5n2jl40jjphvxyt7wh0000gn/T//ccU4WsvX.s 			page 4


  81              	.L7:
  80:Src/main.c    ****         if (buf_decode(buf, sizeof(buf)) == 0)
  82              		.loc 1 80 9 is_stmt 1 view .LVU12
  80:Src/main.c    ****         if (buf_decode(buf, sizeof(buf)) == 0)
  83              		.loc 1 80 20 is_stmt 0 view .LVU13
  84 002e 0D4B     		ldr	r3, .L9
  85 0030 0022     		movs	r2, #0
  86 0032 1A70     		strb	r2, [r3]
  81:Src/main.c    ****             HAL_UART_Transmit(&huart1, "ok\n", 3, 10);
  87              		.loc 1 81 9 is_stmt 1 view .LVU14
  81:Src/main.c    ****             HAL_UART_Transmit(&huart1, "ok\n", 3, 10);
  88              		.loc 1 81 13 is_stmt 0 view .LVU15
  89 0034 1421     		movs	r1, #20
  90 0036 0C48     		ldr	r0, .L9+4
  91              	.LVL4:
  81:Src/main.c    ****             HAL_UART_Transmit(&huart1, "ok\n", 3, 10);
  92              		.loc 1 81 13 view .LVU16
  93 0038 FFF7FEFF 		bl	buf_decode
  94              	.LVL5:
  81:Src/main.c    ****             HAL_UART_Transmit(&huart1, "ok\n", 3, 10);
  95              		.loc 1 81 12 view .LVU17
  96 003c 30B9     		cbnz	r0, .L3
  82:Src/main.c    ****         else
  97              		.loc 1 82 13 is_stmt 1 view .LVU18
  98 003e 0A23     		movs	r3, #10
  99 0040 0322     		movs	r2, #3
 100 0042 0B49     		ldr	r1, .L9+12
 101 0044 0948     		ldr	r0, .L9+8
 102 0046 FFF7FEFF 		bl	HAL_UART_Transmit
 103              	.LVL6:
 104 004a E3E7     		b	.L4
 105              	.L3:
  84:Src/main.c    ****     } else
 106              		.loc 1 84 13 view .LVU19
 107 004c 0A23     		movs	r3, #10
 108 004e 0622     		movs	r2, #6
 109 0050 0849     		ldr	r1, .L9+16
 110 0052 0648     		ldr	r0, .L9+8
 111 0054 FFF7FEFF 		bl	HAL_UART_Transmit
 112              	.LVL7:
 113 0058 DCE7     		b	.L4
 114              	.L8:
  88:Src/main.c    **** 
 115              		.loc 1 88 27 discriminator 1 view .LVU20
  88:Src/main.c    **** 
 116              		.loc 1 88 38 is_stmt 0 discriminator 1 view .LVU21
 117 005a 024B     		ldr	r3, .L9
 118 005c 0022     		movs	r2, #0
 119 005e 1A70     		strb	r2, [r3]
 120 0060 DCE7     		b	.L5
 121              	.L10:
 122 0062 00BF     		.align	2
 123              	.L9:
 124 0064 00000000 		.word	.LANCHOR0
 125 0068 00000000 		.word	.LANCHOR1
 126 006c 00000000 		.word	huart1
 127 0070 00000000 		.word	.LC0
ARM GAS  /var/folders/_f/88qcw_5n2jl40jjphvxyt7wh0000gn/T//ccU4WsvX.s 			page 5


 128 0074 04000000 		.word	.LC1
 129              		.cfi_endproc
 130              	.LFE65:
 132              		.section	.text.Error_Handler,"ax",%progbits
 133              		.align	1
 134              		.global	Error_Handler
 135              		.syntax unified
 136              		.thumb
 137              		.thumb_func
 139              	Error_Handler:
 140              	.LFB68:
  92:Src/main.c    **** /* USER CODE END 0 */
  93:Src/main.c    **** 
  94:Src/main.c    **** /**
  95:Src/main.c    ****  * @brief  The application entry point.
  96:Src/main.c    ****  * @retval int
  97:Src/main.c    ****  */
  98:Src/main.c    **** int main(void) {
  99:Src/main.c    ****     /* USER CODE BEGIN 1 */
 100:Src/main.c    **** 
 101:Src/main.c    ****     /* USER CODE END 1 */
 102:Src/main.c    **** 
 103:Src/main.c    ****     /* MCU
 104:Src/main.c    ****      * Configuration--------------------------------------------------------*/
 105:Src/main.c    **** 
 106:Src/main.c    ****     /* Reset of all peripherals, Initializes the Flash interface and the
 107:Src/main.c    ****      * Systick. */
 108:Src/main.c    ****     HAL_Init();
 109:Src/main.c    **** 
 110:Src/main.c    ****     /* USER CODE BEGIN Init */
 111:Src/main.c    **** 
 112:Src/main.c    ****     /* USER CODE END Init */
 113:Src/main.c    **** 
 114:Src/main.c    ****     /* Configure the system clock */
 115:Src/main.c    ****     SystemClock_Config();
 116:Src/main.c    **** 
 117:Src/main.c    ****     /* USER CODE BEGIN SysInit */
 118:Src/main.c    **** 
 119:Src/main.c    ****     /* USER CODE END SysInit */
 120:Src/main.c    **** 
 121:Src/main.c    ****     /* Initialize all configured peripherals */
 122:Src/main.c    ****     MX_GPIO_Init();
 123:Src/main.c    ****     MX_SPI1_Init();
 124:Src/main.c    ****     MX_USART1_UART_Init();
 125:Src/main.c    ****     /* USER CODE BEGIN 2 */
 126:Src/main.c    ****     HAL_GPIO_WritePin(LED_GPIO_Port, LED_Pin, GPIO_PIN_SET);
 127:Src/main.c    **** 
 128:Src/main.c    ****     /* USER CODE END 2 */
 129:Src/main.c    ****     HAL_UART_Transmit(&huart1, text, sizeof(text), 30);
 130:Src/main.c    ****     HAL_UART_Receive_IT(&huart1, buf + num_symbol, 1);
 131:Src/main.c    ****     buf[19] = '\n';
 132:Src/main.c    ****     /* Infinite loop */
 133:Src/main.c    ****     /* USER CODE BEGIN WHILE */
 134:Src/main.c    ****     while (1) {
 135:Src/main.c    ****         /* USER CODE END WHILE */
 136:Src/main.c    ****         //      HAL_UART_Transmit(&huart1, hui, 5, 1);
 137:Src/main.c    ****         HAL_Delay(300);
ARM GAS  /var/folders/_f/88qcw_5n2jl40jjphvxyt7wh0000gn/T//ccU4WsvX.s 			page 6


 138:Src/main.c    ****         /* USER CODE BEGIN 3 */
 139:Src/main.c    ****     }
 140:Src/main.c    ****     /* USER CODE END 3 */
 141:Src/main.c    **** }
 142:Src/main.c    **** 
 143:Src/main.c    **** /**
 144:Src/main.c    ****  * @brief System Clock Configuration
 145:Src/main.c    ****  * @retval None
 146:Src/main.c    ****  */
 147:Src/main.c    **** void SystemClock_Config(void) {
 148:Src/main.c    ****     RCC_OscInitTypeDef RCC_OscInitStruct = {0};
 149:Src/main.c    ****     RCC_ClkInitTypeDef RCC_ClkInitStruct = {0};
 150:Src/main.c    **** 
 151:Src/main.c    ****     /** Initializes the RCC Oscillators according to the specified parameters
 152:Src/main.c    ****      * in the RCC_OscInitTypeDef structure.
 153:Src/main.c    ****      */
 154:Src/main.c    ****     RCC_OscInitStruct.OscillatorType = RCC_OSCILLATORTYPE_HSI;
 155:Src/main.c    ****     RCC_OscInitStruct.HSIState = RCC_HSI_ON;
 156:Src/main.c    ****     RCC_OscInitStruct.HSICalibrationValue = RCC_HSICALIBRATION_DEFAULT;
 157:Src/main.c    ****     RCC_OscInitStruct.PLL.PLLState = RCC_PLL_ON;
 158:Src/main.c    ****     RCC_OscInitStruct.PLL.PLLSource = RCC_PLLSOURCE_HSI_DIV2;
 159:Src/main.c    ****     RCC_OscInitStruct.PLL.PLLMUL = RCC_PLL_MUL4;
 160:Src/main.c    ****     if (HAL_RCC_OscConfig(&RCC_OscInitStruct) != HAL_OK) {
 161:Src/main.c    ****         Error_Handler();
 162:Src/main.c    ****     }
 163:Src/main.c    ****     /** Initializes the CPU, AHB and APB buses clocks
 164:Src/main.c    ****      */
 165:Src/main.c    ****     RCC_ClkInitStruct.ClockType = RCC_CLOCKTYPE_HCLK | RCC_CLOCKTYPE_SYSCLK |
 166:Src/main.c    ****                                   RCC_CLOCKTYPE_PCLK1 | RCC_CLOCKTYPE_PCLK2;
 167:Src/main.c    ****     RCC_ClkInitStruct.SYSCLKSource = RCC_SYSCLKSOURCE_PLLCLK;
 168:Src/main.c    ****     RCC_ClkInitStruct.AHBCLKDivider = RCC_SYSCLK_DIV1;
 169:Src/main.c    ****     RCC_ClkInitStruct.APB1CLKDivider = RCC_HCLK_DIV1;
 170:Src/main.c    ****     RCC_ClkInitStruct.APB2CLKDivider = RCC_HCLK_DIV1;
 171:Src/main.c    **** 
 172:Src/main.c    ****     if (HAL_RCC_ClockConfig(&RCC_ClkInitStruct, FLASH_LATENCY_0) != HAL_OK) {
 173:Src/main.c    ****         Error_Handler();
 174:Src/main.c    ****     }
 175:Src/main.c    **** }
 176:Src/main.c    **** 
 177:Src/main.c    **** /* USER CODE BEGIN 4 */
 178:Src/main.c    **** 
 179:Src/main.c    **** /* USER CODE END 4 */
 180:Src/main.c    **** 
 181:Src/main.c    **** /**
 182:Src/main.c    ****  * @brief  This function is executed in case of error occurrence.
 183:Src/main.c    ****  * @retval None
 184:Src/main.c    ****  */
 185:Src/main.c    **** void Error_Handler(void) {
 141              		.loc 1 185 26 is_stmt 1 view -0
 142              		.cfi_startproc
 143              		@ Volatile: function does not return.
 144              		@ args = 0, pretend = 0, frame = 0
 145              		@ frame_needed = 0, uses_anonymous_args = 0
 146 0000 08B5     		push	{r3, lr}
 147              	.LCFI1:
 148              		.cfi_def_cfa_offset 8
 149              		.cfi_offset 3, -8
ARM GAS  /var/folders/_f/88qcw_5n2jl40jjphvxyt7wh0000gn/T//ccU4WsvX.s 			page 7


 150              		.cfi_offset 14, -4
 186:Src/main.c    ****     /* USER CODE BEGIN Error_Handler_Debug */
 187:Src/main.c    ****     /* User can add his own implementation to report the HAL error return state
 188:Src/main.c    ****      */
 189:Src/main.c    ****     __disable_irq();
 151              		.loc 1 189 5 view .LVU23
 152              	.LBB4:
 153              	.LBI4:
 154              		.file 2 "Drivers/CMSIS/Include/cmsis_gcc.h"
   1:Drivers/CMSIS/Include/cmsis_gcc.h **** /**************************************************************************//**
   2:Drivers/CMSIS/Include/cmsis_gcc.h ****  * @file     cmsis_gcc.h
   3:Drivers/CMSIS/Include/cmsis_gcc.h ****  * @brief    CMSIS compiler GCC header file
   4:Drivers/CMSIS/Include/cmsis_gcc.h ****  * @version  V5.0.4
   5:Drivers/CMSIS/Include/cmsis_gcc.h ****  * @date     09. April 2018
   6:Drivers/CMSIS/Include/cmsis_gcc.h ****  ******************************************************************************/
   7:Drivers/CMSIS/Include/cmsis_gcc.h **** /*
   8:Drivers/CMSIS/Include/cmsis_gcc.h ****  * Copyright (c) 2009-2018 Arm Limited. All rights reserved.
   9:Drivers/CMSIS/Include/cmsis_gcc.h ****  *
  10:Drivers/CMSIS/Include/cmsis_gcc.h ****  * SPDX-License-Identifier: Apache-2.0
  11:Drivers/CMSIS/Include/cmsis_gcc.h ****  *
  12:Drivers/CMSIS/Include/cmsis_gcc.h ****  * Licensed under the Apache License, Version 2.0 (the License); you may
  13:Drivers/CMSIS/Include/cmsis_gcc.h ****  * not use this file except in compliance with the License.
  14:Drivers/CMSIS/Include/cmsis_gcc.h ****  * You may obtain a copy of the License at
  15:Drivers/CMSIS/Include/cmsis_gcc.h ****  *
  16:Drivers/CMSIS/Include/cmsis_gcc.h ****  * www.apache.org/licenses/LICENSE-2.0
  17:Drivers/CMSIS/Include/cmsis_gcc.h ****  *
  18:Drivers/CMSIS/Include/cmsis_gcc.h ****  * Unless required by applicable law or agreed to in writing, software
  19:Drivers/CMSIS/Include/cmsis_gcc.h ****  * distributed under the License is distributed on an AS IS BASIS, WITHOUT
  20:Drivers/CMSIS/Include/cmsis_gcc.h ****  * WARRANTIES OR CONDITIONS OF ANY KIND, either express or implied.
  21:Drivers/CMSIS/Include/cmsis_gcc.h ****  * See the License for the specific language governing permissions and
  22:Drivers/CMSIS/Include/cmsis_gcc.h ****  * limitations under the License.
  23:Drivers/CMSIS/Include/cmsis_gcc.h ****  */
  24:Drivers/CMSIS/Include/cmsis_gcc.h **** 
  25:Drivers/CMSIS/Include/cmsis_gcc.h **** #ifndef __CMSIS_GCC_H
  26:Drivers/CMSIS/Include/cmsis_gcc.h **** #define __CMSIS_GCC_H
  27:Drivers/CMSIS/Include/cmsis_gcc.h **** 
  28:Drivers/CMSIS/Include/cmsis_gcc.h **** /* ignore some GCC warnings */
  29:Drivers/CMSIS/Include/cmsis_gcc.h **** #pragma GCC diagnostic push
  30:Drivers/CMSIS/Include/cmsis_gcc.h **** #pragma GCC diagnostic ignored "-Wsign-conversion"
  31:Drivers/CMSIS/Include/cmsis_gcc.h **** #pragma GCC diagnostic ignored "-Wconversion"
  32:Drivers/CMSIS/Include/cmsis_gcc.h **** #pragma GCC diagnostic ignored "-Wunused-parameter"
  33:Drivers/CMSIS/Include/cmsis_gcc.h **** 
  34:Drivers/CMSIS/Include/cmsis_gcc.h **** /* Fallback for __has_builtin */
  35:Drivers/CMSIS/Include/cmsis_gcc.h **** #ifndef __has_builtin
  36:Drivers/CMSIS/Include/cmsis_gcc.h ****   #define __has_builtin(x) (0)
  37:Drivers/CMSIS/Include/cmsis_gcc.h **** #endif
  38:Drivers/CMSIS/Include/cmsis_gcc.h **** 
  39:Drivers/CMSIS/Include/cmsis_gcc.h **** /* CMSIS compiler specific defines */
  40:Drivers/CMSIS/Include/cmsis_gcc.h **** #ifndef   __ASM
  41:Drivers/CMSIS/Include/cmsis_gcc.h ****   #define __ASM                                  __asm
  42:Drivers/CMSIS/Include/cmsis_gcc.h **** #endif
  43:Drivers/CMSIS/Include/cmsis_gcc.h **** #ifndef   __INLINE
  44:Drivers/CMSIS/Include/cmsis_gcc.h ****   #define __INLINE                               inline
  45:Drivers/CMSIS/Include/cmsis_gcc.h **** #endif
  46:Drivers/CMSIS/Include/cmsis_gcc.h **** #ifndef   __STATIC_INLINE
  47:Drivers/CMSIS/Include/cmsis_gcc.h ****   #define __STATIC_INLINE                        static inline
  48:Drivers/CMSIS/Include/cmsis_gcc.h **** #endif
ARM GAS  /var/folders/_f/88qcw_5n2jl40jjphvxyt7wh0000gn/T//ccU4WsvX.s 			page 8


  49:Drivers/CMSIS/Include/cmsis_gcc.h **** #ifndef   __STATIC_FORCEINLINE                 
  50:Drivers/CMSIS/Include/cmsis_gcc.h ****   #define __STATIC_FORCEINLINE                   __attribute__((always_inline)) static inline
  51:Drivers/CMSIS/Include/cmsis_gcc.h **** #endif                                           
  52:Drivers/CMSIS/Include/cmsis_gcc.h **** #ifndef   __NO_RETURN
  53:Drivers/CMSIS/Include/cmsis_gcc.h ****   #define __NO_RETURN                            __attribute__((__noreturn__))
  54:Drivers/CMSIS/Include/cmsis_gcc.h **** #endif
  55:Drivers/CMSIS/Include/cmsis_gcc.h **** #ifndef   __USED
  56:Drivers/CMSIS/Include/cmsis_gcc.h ****   #define __USED                                 __attribute__((used))
  57:Drivers/CMSIS/Include/cmsis_gcc.h **** #endif
  58:Drivers/CMSIS/Include/cmsis_gcc.h **** #ifndef   __WEAK
  59:Drivers/CMSIS/Include/cmsis_gcc.h ****   #define __WEAK                                 __attribute__((weak))
  60:Drivers/CMSIS/Include/cmsis_gcc.h **** #endif
  61:Drivers/CMSIS/Include/cmsis_gcc.h **** #ifndef   __PACKED
  62:Drivers/CMSIS/Include/cmsis_gcc.h ****   #define __PACKED                               __attribute__((packed, aligned(1)))
  63:Drivers/CMSIS/Include/cmsis_gcc.h **** #endif
  64:Drivers/CMSIS/Include/cmsis_gcc.h **** #ifndef   __PACKED_STRUCT
  65:Drivers/CMSIS/Include/cmsis_gcc.h ****   #define __PACKED_STRUCT                        struct __attribute__((packed, aligned(1)))
  66:Drivers/CMSIS/Include/cmsis_gcc.h **** #endif
  67:Drivers/CMSIS/Include/cmsis_gcc.h **** #ifndef   __PACKED_UNION
  68:Drivers/CMSIS/Include/cmsis_gcc.h ****   #define __PACKED_UNION                         union __attribute__((packed, aligned(1)))
  69:Drivers/CMSIS/Include/cmsis_gcc.h **** #endif
  70:Drivers/CMSIS/Include/cmsis_gcc.h **** #ifndef   __UNALIGNED_UINT32        /* deprecated */
  71:Drivers/CMSIS/Include/cmsis_gcc.h ****   #pragma GCC diagnostic push
  72:Drivers/CMSIS/Include/cmsis_gcc.h ****   #pragma GCC diagnostic ignored "-Wpacked"
  73:Drivers/CMSIS/Include/cmsis_gcc.h ****   #pragma GCC diagnostic ignored "-Wattributes"
  74:Drivers/CMSIS/Include/cmsis_gcc.h ****   struct __attribute__((packed)) T_UINT32 { uint32_t v; };
  75:Drivers/CMSIS/Include/cmsis_gcc.h ****   #pragma GCC diagnostic pop
  76:Drivers/CMSIS/Include/cmsis_gcc.h ****   #define __UNALIGNED_UINT32(x)                  (((struct T_UINT32 *)(x))->v)
  77:Drivers/CMSIS/Include/cmsis_gcc.h **** #endif
  78:Drivers/CMSIS/Include/cmsis_gcc.h **** #ifndef   __UNALIGNED_UINT16_WRITE
  79:Drivers/CMSIS/Include/cmsis_gcc.h ****   #pragma GCC diagnostic push
  80:Drivers/CMSIS/Include/cmsis_gcc.h ****   #pragma GCC diagnostic ignored "-Wpacked"
  81:Drivers/CMSIS/Include/cmsis_gcc.h ****   #pragma GCC diagnostic ignored "-Wattributes"
  82:Drivers/CMSIS/Include/cmsis_gcc.h ****   __PACKED_STRUCT T_UINT16_WRITE { uint16_t v; };
  83:Drivers/CMSIS/Include/cmsis_gcc.h ****   #pragma GCC diagnostic pop
  84:Drivers/CMSIS/Include/cmsis_gcc.h ****   #define __UNALIGNED_UINT16_WRITE(addr, val)    (void)((((struct T_UINT16_WRITE *)(void *)(addr))-
  85:Drivers/CMSIS/Include/cmsis_gcc.h **** #endif
  86:Drivers/CMSIS/Include/cmsis_gcc.h **** #ifndef   __UNALIGNED_UINT16_READ
  87:Drivers/CMSIS/Include/cmsis_gcc.h ****   #pragma GCC diagnostic push
  88:Drivers/CMSIS/Include/cmsis_gcc.h ****   #pragma GCC diagnostic ignored "-Wpacked"
  89:Drivers/CMSIS/Include/cmsis_gcc.h ****   #pragma GCC diagnostic ignored "-Wattributes"
  90:Drivers/CMSIS/Include/cmsis_gcc.h ****   __PACKED_STRUCT T_UINT16_READ { uint16_t v; };
  91:Drivers/CMSIS/Include/cmsis_gcc.h ****   #pragma GCC diagnostic pop
  92:Drivers/CMSIS/Include/cmsis_gcc.h ****   #define __UNALIGNED_UINT16_READ(addr)          (((const struct T_UINT16_READ *)(const void *)(add
  93:Drivers/CMSIS/Include/cmsis_gcc.h **** #endif
  94:Drivers/CMSIS/Include/cmsis_gcc.h **** #ifndef   __UNALIGNED_UINT32_WRITE
  95:Drivers/CMSIS/Include/cmsis_gcc.h ****   #pragma GCC diagnostic push
  96:Drivers/CMSIS/Include/cmsis_gcc.h ****   #pragma GCC diagnostic ignored "-Wpacked"
  97:Drivers/CMSIS/Include/cmsis_gcc.h ****   #pragma GCC diagnostic ignored "-Wattributes"
  98:Drivers/CMSIS/Include/cmsis_gcc.h ****   __PACKED_STRUCT T_UINT32_WRITE { uint32_t v; };
  99:Drivers/CMSIS/Include/cmsis_gcc.h ****   #pragma GCC diagnostic pop
 100:Drivers/CMSIS/Include/cmsis_gcc.h ****   #define __UNALIGNED_UINT32_WRITE(addr, val)    (void)((((struct T_UINT32_WRITE *)(void *)(addr))-
 101:Drivers/CMSIS/Include/cmsis_gcc.h **** #endif
 102:Drivers/CMSIS/Include/cmsis_gcc.h **** #ifndef   __UNALIGNED_UINT32_READ
 103:Drivers/CMSIS/Include/cmsis_gcc.h ****   #pragma GCC diagnostic push
 104:Drivers/CMSIS/Include/cmsis_gcc.h ****   #pragma GCC diagnostic ignored "-Wpacked"
 105:Drivers/CMSIS/Include/cmsis_gcc.h ****   #pragma GCC diagnostic ignored "-Wattributes"
ARM GAS  /var/folders/_f/88qcw_5n2jl40jjphvxyt7wh0000gn/T//ccU4WsvX.s 			page 9


 106:Drivers/CMSIS/Include/cmsis_gcc.h ****   __PACKED_STRUCT T_UINT32_READ { uint32_t v; };
 107:Drivers/CMSIS/Include/cmsis_gcc.h ****   #pragma GCC diagnostic pop
 108:Drivers/CMSIS/Include/cmsis_gcc.h ****   #define __UNALIGNED_UINT32_READ(addr)          (((const struct T_UINT32_READ *)(const void *)(add
 109:Drivers/CMSIS/Include/cmsis_gcc.h **** #endif
 110:Drivers/CMSIS/Include/cmsis_gcc.h **** #ifndef   __ALIGNED
 111:Drivers/CMSIS/Include/cmsis_gcc.h ****   #define __ALIGNED(x)                           __attribute__((aligned(x)))
 112:Drivers/CMSIS/Include/cmsis_gcc.h **** #endif
 113:Drivers/CMSIS/Include/cmsis_gcc.h **** #ifndef   __RESTRICT
 114:Drivers/CMSIS/Include/cmsis_gcc.h ****   #define __RESTRICT                             __restrict
 115:Drivers/CMSIS/Include/cmsis_gcc.h **** #endif
 116:Drivers/CMSIS/Include/cmsis_gcc.h **** 
 117:Drivers/CMSIS/Include/cmsis_gcc.h **** 
 118:Drivers/CMSIS/Include/cmsis_gcc.h **** /* ###########################  Core Function Access  ########################### */
 119:Drivers/CMSIS/Include/cmsis_gcc.h **** /** \ingroup  CMSIS_Core_FunctionInterface
 120:Drivers/CMSIS/Include/cmsis_gcc.h ****     \defgroup CMSIS_Core_RegAccFunctions CMSIS Core Register Access Functions
 121:Drivers/CMSIS/Include/cmsis_gcc.h ****   @{
 122:Drivers/CMSIS/Include/cmsis_gcc.h ****  */
 123:Drivers/CMSIS/Include/cmsis_gcc.h **** 
 124:Drivers/CMSIS/Include/cmsis_gcc.h **** /**
 125:Drivers/CMSIS/Include/cmsis_gcc.h ****   \brief   Enable IRQ Interrupts
 126:Drivers/CMSIS/Include/cmsis_gcc.h ****   \details Enables IRQ interrupts by clearing the I-bit in the CPSR.
 127:Drivers/CMSIS/Include/cmsis_gcc.h ****            Can only be executed in Privileged modes.
 128:Drivers/CMSIS/Include/cmsis_gcc.h ****  */
 129:Drivers/CMSIS/Include/cmsis_gcc.h **** __STATIC_FORCEINLINE void __enable_irq(void)
 130:Drivers/CMSIS/Include/cmsis_gcc.h **** {
 131:Drivers/CMSIS/Include/cmsis_gcc.h ****   __ASM volatile ("cpsie i" : : : "memory");
 132:Drivers/CMSIS/Include/cmsis_gcc.h **** }
 133:Drivers/CMSIS/Include/cmsis_gcc.h **** 
 134:Drivers/CMSIS/Include/cmsis_gcc.h **** 
 135:Drivers/CMSIS/Include/cmsis_gcc.h **** /**
 136:Drivers/CMSIS/Include/cmsis_gcc.h ****   \brief   Disable IRQ Interrupts
 137:Drivers/CMSIS/Include/cmsis_gcc.h ****   \details Disables IRQ interrupts by setting the I-bit in the CPSR.
 138:Drivers/CMSIS/Include/cmsis_gcc.h ****            Can only be executed in Privileged modes.
 139:Drivers/CMSIS/Include/cmsis_gcc.h ****  */
 140:Drivers/CMSIS/Include/cmsis_gcc.h **** __STATIC_FORCEINLINE void __disable_irq(void)
 155              		.loc 2 140 27 view .LVU24
 156              	.LBB5:
 141:Drivers/CMSIS/Include/cmsis_gcc.h **** {
 142:Drivers/CMSIS/Include/cmsis_gcc.h ****   __ASM volatile ("cpsid i" : : : "memory");
 157              		.loc 2 142 3 view .LVU25
 158              		.syntax unified
 159              	@ 142 "Drivers/CMSIS/Include/cmsis_gcc.h" 1
 160 0002 72B6     		cpsid i
 161              	@ 0 "" 2
 162              		.thumb
 163              		.syntax unified
 164              	.L12:
 165              	.LBE5:
 166              	.LBE4:
 190:Src/main.c    ****     while (1) {
 167              		.loc 1 190 5 discriminator 1 view .LVU26
 191:Src/main.c    ****         HAL_GPIO_WritePin(LED_GPIO_Port, LED_Pin, GPIO_PIN_SET);
 168              		.loc 1 191 9 discriminator 1 view .LVU27
 169 0004 0A4C     		ldr	r4, .L14
 170 0006 0122     		movs	r2, #1
 171 0008 4FF40051 		mov	r1, #8192
 172 000c 2046     		mov	r0, r4
ARM GAS  /var/folders/_f/88qcw_5n2jl40jjphvxyt7wh0000gn/T//ccU4WsvX.s 			page 10


 173 000e FFF7FEFF 		bl	HAL_GPIO_WritePin
 174              	.LVL8:
 192:Src/main.c    ****         HAL_Delay(400);
 175              		.loc 1 192 9 discriminator 1 view .LVU28
 176 0012 4FF4C870 		mov	r0, #400
 177 0016 FFF7FEFF 		bl	HAL_Delay
 178              	.LVL9:
 193:Src/main.c    ****         HAL_GPIO_WritePin(LED_GPIO_Port, LED_Pin, GPIO_PIN_RESET);
 179              		.loc 1 193 9 discriminator 1 view .LVU29
 180 001a 0022     		movs	r2, #0
 181 001c 4FF40051 		mov	r1, #8192
 182 0020 2046     		mov	r0, r4
 183 0022 FFF7FEFF 		bl	HAL_GPIO_WritePin
 184              	.LVL10:
 194:Src/main.c    ****         HAL_Delay(400);
 185              		.loc 1 194 9 discriminator 1 view .LVU30
 186 0026 4FF4C870 		mov	r0, #400
 187 002a FFF7FEFF 		bl	HAL_Delay
 188              	.LVL11:
 190:Src/main.c    ****         HAL_GPIO_WritePin(LED_GPIO_Port, LED_Pin, GPIO_PIN_SET);
 189              		.loc 1 190 11 discriminator 1 view .LVU31
 190 002e E9E7     		b	.L12
 191              	.L15:
 192              		.align	2
 193              	.L14:
 194 0030 00100140 		.word	1073811456
 195              		.cfi_endproc
 196              	.LFE68:
 198              		.section	.text.SystemClock_Config,"ax",%progbits
 199              		.align	1
 200              		.global	SystemClock_Config
 201              		.syntax unified
 202              		.thumb
 203              		.thumb_func
 205              	SystemClock_Config:
 206              	.LFB67:
 147:Src/main.c    ****     RCC_OscInitTypeDef RCC_OscInitStruct = {0};
 207              		.loc 1 147 31 view -0
 208              		.cfi_startproc
 209              		@ args = 0, pretend = 0, frame = 64
 210              		@ frame_needed = 0, uses_anonymous_args = 0
 211 0000 00B5     		push	{lr}
 212              	.LCFI2:
 213              		.cfi_def_cfa_offset 4
 214              		.cfi_offset 14, -4
 215 0002 91B0     		sub	sp, sp, #68
 216              	.LCFI3:
 217              		.cfi_def_cfa_offset 72
 148:Src/main.c    ****     RCC_ClkInitTypeDef RCC_ClkInitStruct = {0};
 218              		.loc 1 148 5 view .LVU33
 148:Src/main.c    ****     RCC_ClkInitTypeDef RCC_ClkInitStruct = {0};
 219              		.loc 1 148 24 is_stmt 0 view .LVU34
 220 0004 2822     		movs	r2, #40
 221 0006 0021     		movs	r1, #0
 222 0008 06A8     		add	r0, sp, #24
 223 000a FFF7FEFF 		bl	memset
 224              	.LVL12:
ARM GAS  /var/folders/_f/88qcw_5n2jl40jjphvxyt7wh0000gn/T//ccU4WsvX.s 			page 11


 149:Src/main.c    **** 
 225              		.loc 1 149 5 is_stmt 1 view .LVU35
 149:Src/main.c    **** 
 226              		.loc 1 149 24 is_stmt 0 view .LVU36
 227 000e 0023     		movs	r3, #0
 228 0010 0193     		str	r3, [sp, #4]
 229 0012 0293     		str	r3, [sp, #8]
 230 0014 0393     		str	r3, [sp, #12]
 231 0016 0493     		str	r3, [sp, #16]
 232 0018 0593     		str	r3, [sp, #20]
 154:Src/main.c    ****     RCC_OscInitStruct.HSIState = RCC_HSI_ON;
 233              		.loc 1 154 5 is_stmt 1 view .LVU37
 154:Src/main.c    ****     RCC_OscInitStruct.HSIState = RCC_HSI_ON;
 234              		.loc 1 154 38 is_stmt 0 view .LVU38
 235 001a 0223     		movs	r3, #2
 236 001c 0693     		str	r3, [sp, #24]
 155:Src/main.c    ****     RCC_OscInitStruct.HSICalibrationValue = RCC_HSICALIBRATION_DEFAULT;
 237              		.loc 1 155 5 is_stmt 1 view .LVU39
 155:Src/main.c    ****     RCC_OscInitStruct.HSICalibrationValue = RCC_HSICALIBRATION_DEFAULT;
 238              		.loc 1 155 32 is_stmt 0 view .LVU40
 239 001e 0122     		movs	r2, #1
 240 0020 0A92     		str	r2, [sp, #40]
 156:Src/main.c    ****     RCC_OscInitStruct.PLL.PLLState = RCC_PLL_ON;
 241              		.loc 1 156 5 is_stmt 1 view .LVU41
 156:Src/main.c    ****     RCC_OscInitStruct.PLL.PLLState = RCC_PLL_ON;
 242              		.loc 1 156 43 is_stmt 0 view .LVU42
 243 0022 1022     		movs	r2, #16
 244 0024 0B92     		str	r2, [sp, #44]
 157:Src/main.c    ****     RCC_OscInitStruct.PLL.PLLSource = RCC_PLLSOURCE_HSI_DIV2;
 245              		.loc 1 157 5 is_stmt 1 view .LVU43
 157:Src/main.c    ****     RCC_OscInitStruct.PLL.PLLSource = RCC_PLLSOURCE_HSI_DIV2;
 246              		.loc 1 157 36 is_stmt 0 view .LVU44
 247 0026 0D93     		str	r3, [sp, #52]
 158:Src/main.c    ****     RCC_OscInitStruct.PLL.PLLMUL = RCC_PLL_MUL4;
 248              		.loc 1 158 5 is_stmt 1 view .LVU45
 159:Src/main.c    ****     if (HAL_RCC_OscConfig(&RCC_OscInitStruct) != HAL_OK) {
 249              		.loc 1 159 5 view .LVU46
 159:Src/main.c    ****     if (HAL_RCC_OscConfig(&RCC_OscInitStruct) != HAL_OK) {
 250              		.loc 1 159 34 is_stmt 0 view .LVU47
 251 0028 4FF40023 		mov	r3, #524288
 252 002c 0F93     		str	r3, [sp, #60]
 160:Src/main.c    ****         Error_Handler();
 253              		.loc 1 160 5 is_stmt 1 view .LVU48
 160:Src/main.c    ****         Error_Handler();
 254              		.loc 1 160 9 is_stmt 0 view .LVU49
 255 002e 06A8     		add	r0, sp, #24
 256 0030 FFF7FEFF 		bl	HAL_RCC_OscConfig
 257              	.LVL13:
 160:Src/main.c    ****         Error_Handler();
 258              		.loc 1 160 8 view .LVU50
 259 0034 70B9     		cbnz	r0, .L20
 165:Src/main.c    ****                                   RCC_CLOCKTYPE_PCLK1 | RCC_CLOCKTYPE_PCLK2;
 260              		.loc 1 165 5 is_stmt 1 view .LVU51
 165:Src/main.c    ****                                   RCC_CLOCKTYPE_PCLK1 | RCC_CLOCKTYPE_PCLK2;
 261              		.loc 1 165 33 is_stmt 0 view .LVU52
 262 0036 0F23     		movs	r3, #15
 263 0038 0193     		str	r3, [sp, #4]
ARM GAS  /var/folders/_f/88qcw_5n2jl40jjphvxyt7wh0000gn/T//ccU4WsvX.s 			page 12


 167:Src/main.c    ****     RCC_ClkInitStruct.AHBCLKDivider = RCC_SYSCLK_DIV1;
 264              		.loc 1 167 5 is_stmt 1 view .LVU53
 167:Src/main.c    ****     RCC_ClkInitStruct.AHBCLKDivider = RCC_SYSCLK_DIV1;
 265              		.loc 1 167 36 is_stmt 0 view .LVU54
 266 003a 0223     		movs	r3, #2
 267 003c 0293     		str	r3, [sp, #8]
 168:Src/main.c    ****     RCC_ClkInitStruct.APB1CLKDivider = RCC_HCLK_DIV1;
 268              		.loc 1 168 5 is_stmt 1 view .LVU55
 168:Src/main.c    ****     RCC_ClkInitStruct.APB1CLKDivider = RCC_HCLK_DIV1;
 269              		.loc 1 168 37 is_stmt 0 view .LVU56
 270 003e 0021     		movs	r1, #0
 271 0040 0391     		str	r1, [sp, #12]
 169:Src/main.c    ****     RCC_ClkInitStruct.APB2CLKDivider = RCC_HCLK_DIV1;
 272              		.loc 1 169 5 is_stmt 1 view .LVU57
 169:Src/main.c    ****     RCC_ClkInitStruct.APB2CLKDivider = RCC_HCLK_DIV1;
 273              		.loc 1 169 38 is_stmt 0 view .LVU58
 274 0042 0491     		str	r1, [sp, #16]
 170:Src/main.c    **** 
 275              		.loc 1 170 5 is_stmt 1 view .LVU59
 170:Src/main.c    **** 
 276              		.loc 1 170 38 is_stmt 0 view .LVU60
 277 0044 0591     		str	r1, [sp, #20]
 172:Src/main.c    ****         Error_Handler();
 278              		.loc 1 172 5 is_stmt 1 view .LVU61
 172:Src/main.c    ****         Error_Handler();
 279              		.loc 1 172 9 is_stmt 0 view .LVU62
 280 0046 01A8     		add	r0, sp, #4
 281 0048 FFF7FEFF 		bl	HAL_RCC_ClockConfig
 282              	.LVL14:
 172:Src/main.c    ****         Error_Handler();
 283              		.loc 1 172 8 view .LVU63
 284 004c 20B9     		cbnz	r0, .L21
 175:Src/main.c    **** 
 285              		.loc 1 175 1 view .LVU64
 286 004e 11B0     		add	sp, sp, #68
 287              	.LCFI4:
 288              		.cfi_remember_state
 289              		.cfi_def_cfa_offset 4
 290              		@ sp needed
 291 0050 5DF804FB 		ldr	pc, [sp], #4
 292              	.L20:
 293              	.LCFI5:
 294              		.cfi_restore_state
 161:Src/main.c    ****     }
 295              		.loc 1 161 9 is_stmt 1 view .LVU65
 296 0054 FFF7FEFF 		bl	Error_Handler
 297              	.LVL15:
 298              	.L21:
 173:Src/main.c    ****     }
 299              		.loc 1 173 9 view .LVU66
 300 0058 FFF7FEFF 		bl	Error_Handler
 301              	.LVL16:
 302              		.cfi_endproc
 303              	.LFE67:
 305              		.section	.text.main,"ax",%progbits
 306              		.align	1
 307              		.global	main
ARM GAS  /var/folders/_f/88qcw_5n2jl40jjphvxyt7wh0000gn/T//ccU4WsvX.s 			page 13


 308              		.syntax unified
 309              		.thumb
 310              		.thumb_func
 312              	main:
 313              	.LFB66:
  98:Src/main.c    ****     /* USER CODE BEGIN 1 */
 314              		.loc 1 98 16 view -0
 315              		.cfi_startproc
 316              		@ Volatile: function does not return.
 317              		@ args = 0, pretend = 0, frame = 0
 318              		@ frame_needed = 0, uses_anonymous_args = 0
 319 0000 08B5     		push	{r3, lr}
 320              	.LCFI6:
 321              		.cfi_def_cfa_offset 8
 322              		.cfi_offset 3, -8
 323              		.cfi_offset 14, -4
 108:Src/main.c    **** 
 324              		.loc 1 108 5 view .LVU68
 325 0002 FFF7FEFF 		bl	HAL_Init
 326              	.LVL17:
 115:Src/main.c    **** 
 327              		.loc 1 115 5 view .LVU69
 328 0006 FFF7FEFF 		bl	SystemClock_Config
 329              	.LVL18:
 122:Src/main.c    ****     MX_SPI1_Init();
 330              		.loc 1 122 5 view .LVU70
 331 000a FFF7FEFF 		bl	MX_GPIO_Init
 332              	.LVL19:
 123:Src/main.c    ****     MX_USART1_UART_Init();
 333              		.loc 1 123 5 view .LVU71
 334 000e FFF7FEFF 		bl	MX_SPI1_Init
 335              	.LVL20:
 124:Src/main.c    ****     /* USER CODE BEGIN 2 */
 336              		.loc 1 124 5 view .LVU72
 337 0012 FFF7FEFF 		bl	MX_USART1_UART_Init
 338              	.LVL21:
 126:Src/main.c    **** 
 339              		.loc 1 126 5 view .LVU73
 340 0016 0122     		movs	r2, #1
 341 0018 4FF40051 		mov	r1, #8192
 342 001c 0C48     		ldr	r0, .L25
 343 001e FFF7FEFF 		bl	HAL_GPIO_WritePin
 344              	.LVL22:
 129:Src/main.c    ****     HAL_UART_Receive_IT(&huart1, buf + num_symbol, 1);
 345              		.loc 1 129 5 view .LVU74
 346 0022 0C4D     		ldr	r5, .L25+4
 347 0024 1E23     		movs	r3, #30
 348 0026 C022     		movs	r2, #192
 349 0028 0B49     		ldr	r1, .L25+8
 350 002a 2846     		mov	r0, r5
 351 002c FFF7FEFF 		bl	HAL_UART_Transmit
 352              	.LVL23:
 130:Src/main.c    ****     buf[19] = '\n';
 353              		.loc 1 130 5 view .LVU75
 354 0030 0A4C     		ldr	r4, .L25+12
 355 0032 0B4B     		ldr	r3, .L25+16
 356 0034 1978     		ldrb	r1, [r3]	@ zero_extendqisi2
ARM GAS  /var/folders/_f/88qcw_5n2jl40jjphvxyt7wh0000gn/T//ccU4WsvX.s 			page 14


 357 0036 0122     		movs	r2, #1
 358 0038 2144     		add	r1, r1, r4
 359 003a 2846     		mov	r0, r5
 360 003c FFF7FEFF 		bl	HAL_UART_Receive_IT
 361              	.LVL24:
 131:Src/main.c    ****     /* Infinite loop */
 362              		.loc 1 131 5 view .LVU76
 131:Src/main.c    ****     /* Infinite loop */
 363              		.loc 1 131 13 is_stmt 0 view .LVU77
 364 0040 0A23     		movs	r3, #10
 365 0042 E374     		strb	r3, [r4, #19]
 366              	.L23:
 134:Src/main.c    ****         /* USER CODE END WHILE */
 367              		.loc 1 134 5 is_stmt 1 discriminator 1 view .LVU78
 137:Src/main.c    ****         /* USER CODE BEGIN 3 */
 368              		.loc 1 137 9 discriminator 1 view .LVU79
 369 0044 4FF49670 		mov	r0, #300
 370 0048 FFF7FEFF 		bl	HAL_Delay
 371              	.LVL25:
 134:Src/main.c    ****         /* USER CODE END WHILE */
 372              		.loc 1 134 11 discriminator 1 view .LVU80
 373 004c FAE7     		b	.L23
 374              	.L26:
 375 004e 00BF     		.align	2
 376              	.L25:
 377 0050 00100140 		.word	1073811456
 378 0054 00000000 		.word	huart1
 379 0058 00000000 		.word	.LANCHOR2
 380 005c 00000000 		.word	.LANCHOR1
 381 0060 00000000 		.word	.LANCHOR0
 382              		.cfi_endproc
 383              	.LFE66:
 385              		.global	num_symbol
 386              		.global	buf
 387              		.global	text
 388              		.section	.bss.buf,"aw",%nobits
 389              		.align	2
 390              		.set	.LANCHOR1,. + 0
 393              	buf:
 394 0000 00000000 		.space	20
 394      00000000 
 394      00000000 
 394      00000000 
 394      00000000 
 395              		.section	.bss.num_symbol,"aw",%nobits
 396              		.set	.LANCHOR0,. + 0
 399              	num_symbol:
 400 0000 00       		.space	1
 401              		.section	.data.text,"aw"
 402              		.align	2
 403              		.set	.LANCHOR2,. + 0
 406              	text:
 407 0000 54686973 		.ascii	"This program control voltage on output DAC \012Sett"
 407      2070726F 
 407      6772616D 
 407      20636F6E 
 407      74726F6C 
ARM GAS  /var/folders/_f/88qcw_5n2jl40jjphvxyt7wh0000gn/T//ccU4WsvX.s 			page 15


 408 0030 696E6773 		.ascii	"ings: 115200 Baud, NL (new line) \012Names of chann"
 408      3A203131 
 408      35323030 
 408      20426175 
 408      642C204E 
 409 0060 656C733A 		.ascii	"els: ao0 ao1 ao2 \012Range output voltage: 0-10v \012"
 409      20616F30 
 409      20616F31 
 409      20616F32 
 409      200A5261 
 410 008f 4578616D 		.ascii	"Examples of commands: \012ao0 5.54 \012ao1 0 \012ao"
 410      706C6573 
 410      206F6620 
 410      636F6D6D 
 410      616E6473 
 411 00b9 32203130 		.ascii	"2 10 \012\000"
 411      200A00
 412              		.text
 413              	.Letext0:
 414              		.file 3 "/Applications/ARM/arm-none-eabi/include/machine/_default_types.h"
 415              		.file 4 "/Applications/ARM/arm-none-eabi/include/sys/_stdint.h"
 416              		.file 5 "Drivers/CMSIS/Device/ST/STM32F1xx/Include/stm32f103xb.h"
 417              		.file 6 "Drivers/STM32F1xx_HAL_Driver/Inc/stm32f1xx_hal_def.h"
 418              		.file 7 "Drivers/STM32F1xx_HAL_Driver/Inc/stm32f1xx_hal_rcc.h"
 419              		.file 8 "Drivers/STM32F1xx_HAL_Driver/Inc/stm32f1xx_hal_rcc_ex.h"
 420              		.file 9 "Drivers/STM32F1xx_HAL_Driver/Inc/stm32f1xx_hal_gpio.h"
 421              		.file 10 "Drivers/STM32F1xx_HAL_Driver/Inc/stm32f1xx_hal_dma.h"
 422              		.file 11 "Drivers/STM32F1xx_HAL_Driver/Inc/stm32f1xx_hal_uart.h"
 423              		.file 12 "Inc/usart.h"
 424              		.file 13 "Drivers/STM32F1xx_HAL_Driver/Inc/stm32f1xx_hal.h"
 425              		.file 14 "Inc/gpio.h"
 426              		.file 15 "Inc/spi.h"
 427              		.file 16 "Inc/console.h"
 428              		.file 17 "<built-in>"
ARM GAS  /var/folders/_f/88qcw_5n2jl40jjphvxyt7wh0000gn/T//ccU4WsvX.s 			page 16


DEFINED SYMBOLS
                            *ABS*:0000000000000000 main.c
/var/folders/_f/88qcw_5n2jl40jjphvxyt7wh0000gn/T//ccU4WsvX.s:18     .rodata.HAL_UART_RxCpltCallback.str1.4:0000000000000000 $d
/var/folders/_f/88qcw_5n2jl40jjphvxyt7wh0000gn/T//ccU4WsvX.s:25     .text.HAL_UART_RxCpltCallback:0000000000000000 $t
/var/folders/_f/88qcw_5n2jl40jjphvxyt7wh0000gn/T//ccU4WsvX.s:31     .text.HAL_UART_RxCpltCallback:0000000000000000 HAL_UART_RxCpltCallback
/var/folders/_f/88qcw_5n2jl40jjphvxyt7wh0000gn/T//ccU4WsvX.s:124    .text.HAL_UART_RxCpltCallback:0000000000000064 $d
/var/folders/_f/88qcw_5n2jl40jjphvxyt7wh0000gn/T//ccU4WsvX.s:133    .text.Error_Handler:0000000000000000 $t
/var/folders/_f/88qcw_5n2jl40jjphvxyt7wh0000gn/T//ccU4WsvX.s:139    .text.Error_Handler:0000000000000000 Error_Handler
/var/folders/_f/88qcw_5n2jl40jjphvxyt7wh0000gn/T//ccU4WsvX.s:194    .text.Error_Handler:0000000000000030 $d
/var/folders/_f/88qcw_5n2jl40jjphvxyt7wh0000gn/T//ccU4WsvX.s:199    .text.SystemClock_Config:0000000000000000 $t
/var/folders/_f/88qcw_5n2jl40jjphvxyt7wh0000gn/T//ccU4WsvX.s:205    .text.SystemClock_Config:0000000000000000 SystemClock_Config
/var/folders/_f/88qcw_5n2jl40jjphvxyt7wh0000gn/T//ccU4WsvX.s:306    .text.main:0000000000000000 $t
/var/folders/_f/88qcw_5n2jl40jjphvxyt7wh0000gn/T//ccU4WsvX.s:312    .text.main:0000000000000000 main
/var/folders/_f/88qcw_5n2jl40jjphvxyt7wh0000gn/T//ccU4WsvX.s:377    .text.main:0000000000000050 $d
/var/folders/_f/88qcw_5n2jl40jjphvxyt7wh0000gn/T//ccU4WsvX.s:399    .bss.num_symbol:0000000000000000 num_symbol
/var/folders/_f/88qcw_5n2jl40jjphvxyt7wh0000gn/T//ccU4WsvX.s:393    .bss.buf:0000000000000000 buf
/var/folders/_f/88qcw_5n2jl40jjphvxyt7wh0000gn/T//ccU4WsvX.s:406    .data.text:0000000000000000 text
/var/folders/_f/88qcw_5n2jl40jjphvxyt7wh0000gn/T//ccU4WsvX.s:389    .bss.buf:0000000000000000 $d
/var/folders/_f/88qcw_5n2jl40jjphvxyt7wh0000gn/T//ccU4WsvX.s:400    .bss.num_symbol:0000000000000000 $d
/var/folders/_f/88qcw_5n2jl40jjphvxyt7wh0000gn/T//ccU4WsvX.s:402    .data.text:0000000000000000 $d

UNDEFINED SYMBOLS
HAL_UART_Receive_IT
buf_decode
HAL_UART_Transmit
huart1
HAL_GPIO_WritePin
HAL_Delay
memset
HAL_RCC_OscConfig
HAL_RCC_ClockConfig
HAL_Init
MX_GPIO_Init
MX_SPI1_Init
MX_USART1_UART_Init
