ARM GAS  /var/folders/_f/88qcw_5n2jl40jjphvxyt7wh0000gn/T//cc1dTZ0U.s 			page 1


   1              		.cpu cortex-m3
   2              		.arch armv7-m
   3              		.fpu softvfp
   4              		.eabi_attribute 20, 1
   5              		.eabi_attribute 21, 1
   6              		.eabi_attribute 23, 3
   7              		.eabi_attribute 24, 1
   8              		.eabi_attribute 25, 1
   9              		.eabi_attribute 26, 1
  10              		.eabi_attribute 30, 1
  11              		.eabi_attribute 34, 1
  12              		.eabi_attribute 18, 4
  13              		.file	"spi.c"
  14              		.text
  15              	.Ltext0:
  16              		.cfi_sections	.debug_frame
  17              		.section	.text.MX_SPI1_Init,"ax",%progbits
  18              		.align	1
  19              		.global	MX_SPI1_Init
  20              		.syntax unified
  21              		.thumb
  22              		.thumb_func
  24              	MX_SPI1_Init:
  25              	.LFB65:
  26              		.file 1 "Src/spi.c"
   1:Src/spi.c     **** /* USER CODE BEGIN Header */
   2:Src/spi.c     **** /**
   3:Src/spi.c     ****   ******************************************************************************
   4:Src/spi.c     ****   * @file    spi.c
   5:Src/spi.c     ****   * @brief   This file provides code for the configuration
   6:Src/spi.c     ****   *          of the SPI instances.
   7:Src/spi.c     ****   ******************************************************************************
   8:Src/spi.c     ****   * @attention
   9:Src/spi.c     ****   *
  10:Src/spi.c     ****   * Copyright (c) 2022 STMicroelectronics.
  11:Src/spi.c     ****   * All rights reserved.
  12:Src/spi.c     ****   *
  13:Src/spi.c     ****   * This software is licensed under terms that can be found in the LICENSE file
  14:Src/spi.c     ****   * in the root directory of this software component.
  15:Src/spi.c     ****   * If no LICENSE file comes with this software, it is provided AS-IS.
  16:Src/spi.c     ****   *
  17:Src/spi.c     ****   ******************************************************************************
  18:Src/spi.c     ****   */
  19:Src/spi.c     **** /* USER CODE END Header */
  20:Src/spi.c     **** /* Includes ------------------------------------------------------------------*/
  21:Src/spi.c     **** #include "spi.h"
  22:Src/spi.c     **** 
  23:Src/spi.c     **** /* USER CODE BEGIN 0 */
  24:Src/spi.c     **** 
  25:Src/spi.c     **** /* USER CODE END 0 */
  26:Src/spi.c     **** 
  27:Src/spi.c     **** SPI_HandleTypeDef hspi1;
  28:Src/spi.c     **** 
  29:Src/spi.c     **** /* SPI1 init function */
  30:Src/spi.c     **** void MX_SPI1_Init(void)
  31:Src/spi.c     **** {
  27              		.loc 1 31 1 view -0
ARM GAS  /var/folders/_f/88qcw_5n2jl40jjphvxyt7wh0000gn/T//cc1dTZ0U.s 			page 2


  28              		.cfi_startproc
  29              		@ args = 0, pretend = 0, frame = 0
  30              		@ frame_needed = 0, uses_anonymous_args = 0
  31 0000 08B5     		push	{r3, lr}
  32              	.LCFI0:
  33              		.cfi_def_cfa_offset 8
  34              		.cfi_offset 3, -8
  35              		.cfi_offset 14, -4
  32:Src/spi.c     **** 
  33:Src/spi.c     ****   /* USER CODE BEGIN SPI1_Init 0 */
  34:Src/spi.c     **** 
  35:Src/spi.c     ****   /* USER CODE END SPI1_Init 0 */
  36:Src/spi.c     **** 
  37:Src/spi.c     ****   /* USER CODE BEGIN SPI1_Init 1 */
  38:Src/spi.c     **** 
  39:Src/spi.c     ****   /* USER CODE END SPI1_Init 1 */
  40:Src/spi.c     ****   hspi1.Instance = SPI1;
  36              		.loc 1 40 3 view .LVU1
  37              		.loc 1 40 18 is_stmt 0 view .LVU2
  38 0002 0E48     		ldr	r0, .L5
  39 0004 0E4B     		ldr	r3, .L5+4
  40 0006 0360     		str	r3, [r0]
  41:Src/spi.c     ****   hspi1.Init.Mode = SPI_MODE_MASTER;
  41              		.loc 1 41 3 is_stmt 1 view .LVU3
  42              		.loc 1 41 19 is_stmt 0 view .LVU4
  43 0008 4FF48273 		mov	r3, #260
  44 000c 4360     		str	r3, [r0, #4]
  42:Src/spi.c     ****   hspi1.Init.Direction = SPI_DIRECTION_2LINES;
  45              		.loc 1 42 3 is_stmt 1 view .LVU5
  46              		.loc 1 42 24 is_stmt 0 view .LVU6
  47 000e 0023     		movs	r3, #0
  48 0010 8360     		str	r3, [r0, #8]
  43:Src/spi.c     ****   hspi1.Init.DataSize = SPI_DATASIZE_16BIT;
  49              		.loc 1 43 3 is_stmt 1 view .LVU7
  50              		.loc 1 43 23 is_stmt 0 view .LVU8
  51 0012 4FF40062 		mov	r2, #2048
  52 0016 C260     		str	r2, [r0, #12]
  44:Src/spi.c     ****   hspi1.Init.CLKPolarity = SPI_POLARITY_LOW;
  53              		.loc 1 44 3 is_stmt 1 view .LVU9
  54              		.loc 1 44 26 is_stmt 0 view .LVU10
  55 0018 0361     		str	r3, [r0, #16]
  45:Src/spi.c     ****   hspi1.Init.CLKPhase = SPI_PHASE_1EDGE;
  56              		.loc 1 45 3 is_stmt 1 view .LVU11
  57              		.loc 1 45 23 is_stmt 0 view .LVU12
  58 001a 4361     		str	r3, [r0, #20]
  46:Src/spi.c     ****   hspi1.Init.NSS = SPI_NSS_SOFT;
  59              		.loc 1 46 3 is_stmt 1 view .LVU13
  60              		.loc 1 46 18 is_stmt 0 view .LVU14
  61 001c 4FF40072 		mov	r2, #512
  62 0020 8261     		str	r2, [r0, #24]
  47:Src/spi.c     ****   hspi1.Init.BaudRatePrescaler = SPI_BAUDRATEPRESCALER_2;
  63              		.loc 1 47 3 is_stmt 1 view .LVU15
  64              		.loc 1 47 32 is_stmt 0 view .LVU16
  65 0022 C361     		str	r3, [r0, #28]
  48:Src/spi.c     ****   hspi1.Init.FirstBit = SPI_FIRSTBIT_MSB;
  66              		.loc 1 48 3 is_stmt 1 view .LVU17
  67              		.loc 1 48 23 is_stmt 0 view .LVU18
ARM GAS  /var/folders/_f/88qcw_5n2jl40jjphvxyt7wh0000gn/T//cc1dTZ0U.s 			page 3


  68 0024 0362     		str	r3, [r0, #32]
  49:Src/spi.c     ****   hspi1.Init.TIMode = SPI_TIMODE_DISABLE;
  69              		.loc 1 49 3 is_stmt 1 view .LVU19
  70              		.loc 1 49 21 is_stmt 0 view .LVU20
  71 0026 4362     		str	r3, [r0, #36]
  50:Src/spi.c     ****   hspi1.Init.CRCCalculation = SPI_CRCCALCULATION_DISABLE;
  72              		.loc 1 50 3 is_stmt 1 view .LVU21
  73              		.loc 1 50 29 is_stmt 0 view .LVU22
  74 0028 8362     		str	r3, [r0, #40]
  51:Src/spi.c     ****   hspi1.Init.CRCPolynomial = 10;
  75              		.loc 1 51 3 is_stmt 1 view .LVU23
  76              		.loc 1 51 28 is_stmt 0 view .LVU24
  77 002a 0A23     		movs	r3, #10
  78 002c C362     		str	r3, [r0, #44]
  52:Src/spi.c     ****   if (HAL_SPI_Init(&hspi1) != HAL_OK)
  79              		.loc 1 52 3 is_stmt 1 view .LVU25
  80              		.loc 1 52 7 is_stmt 0 view .LVU26
  81 002e FFF7FEFF 		bl	HAL_SPI_Init
  82              	.LVL0:
  83              		.loc 1 52 6 view .LVU27
  84 0032 00B9     		cbnz	r0, .L4
  85              	.L1:
  53:Src/spi.c     ****   {
  54:Src/spi.c     ****     Error_Handler();
  55:Src/spi.c     ****   }
  56:Src/spi.c     ****   /* USER CODE BEGIN SPI1_Init 2 */
  57:Src/spi.c     **** 
  58:Src/spi.c     ****   /* USER CODE END SPI1_Init 2 */
  59:Src/spi.c     **** 
  60:Src/spi.c     **** }
  86              		.loc 1 60 1 view .LVU28
  87 0034 08BD     		pop	{r3, pc}
  88              	.L4:
  54:Src/spi.c     ****   }
  89              		.loc 1 54 5 is_stmt 1 view .LVU29
  90 0036 FFF7FEFF 		bl	Error_Handler
  91              	.LVL1:
  92              		.loc 1 60 1 is_stmt 0 view .LVU30
  93 003a FBE7     		b	.L1
  94              	.L6:
  95              		.align	2
  96              	.L5:
  97 003c 00000000 		.word	.LANCHOR0
  98 0040 00300140 		.word	1073819648
  99              		.cfi_endproc
 100              	.LFE65:
 102              		.section	.text.HAL_SPI_MspInit,"ax",%progbits
 103              		.align	1
 104              		.global	HAL_SPI_MspInit
 105              		.syntax unified
 106              		.thumb
 107              		.thumb_func
 109              	HAL_SPI_MspInit:
 110              	.LVL2:
 111              	.LFB66:
  61:Src/spi.c     **** 
  62:Src/spi.c     **** void HAL_SPI_MspInit(SPI_HandleTypeDef* spiHandle)
ARM GAS  /var/folders/_f/88qcw_5n2jl40jjphvxyt7wh0000gn/T//cc1dTZ0U.s 			page 4


  63:Src/spi.c     **** {
 112              		.loc 1 63 1 is_stmt 1 view -0
 113              		.cfi_startproc
 114              		@ args = 0, pretend = 0, frame = 24
 115              		@ frame_needed = 0, uses_anonymous_args = 0
 116              		.loc 1 63 1 is_stmt 0 view .LVU32
 117 0000 00B5     		push	{lr}
 118              	.LCFI1:
 119              		.cfi_def_cfa_offset 4
 120              		.cfi_offset 14, -4
 121 0002 87B0     		sub	sp, sp, #28
 122              	.LCFI2:
 123              		.cfi_def_cfa_offset 32
  64:Src/spi.c     **** 
  65:Src/spi.c     ****   GPIO_InitTypeDef GPIO_InitStruct = {0};
 124              		.loc 1 65 3 is_stmt 1 view .LVU33
 125              		.loc 1 65 20 is_stmt 0 view .LVU34
 126 0004 0023     		movs	r3, #0
 127 0006 0293     		str	r3, [sp, #8]
 128 0008 0393     		str	r3, [sp, #12]
 129 000a 0493     		str	r3, [sp, #16]
 130 000c 0593     		str	r3, [sp, #20]
  66:Src/spi.c     ****   if(spiHandle->Instance==SPI1)
 131              		.loc 1 66 3 is_stmt 1 view .LVU35
 132              		.loc 1 66 15 is_stmt 0 view .LVU36
 133 000e 0268     		ldr	r2, [r0]
 134              		.loc 1 66 5 view .LVU37
 135 0010 124B     		ldr	r3, .L11
 136 0012 9A42     		cmp	r2, r3
 137 0014 02D0     		beq	.L10
 138              	.LVL3:
 139              	.L7:
  67:Src/spi.c     ****   {
  68:Src/spi.c     ****   /* USER CODE BEGIN SPI1_MspInit 0 */
  69:Src/spi.c     **** 
  70:Src/spi.c     ****   /* USER CODE END SPI1_MspInit 0 */
  71:Src/spi.c     ****     /* SPI1 clock enable */
  72:Src/spi.c     ****     __HAL_RCC_SPI1_CLK_ENABLE();
  73:Src/spi.c     **** 
  74:Src/spi.c     ****     __HAL_RCC_GPIOA_CLK_ENABLE();
  75:Src/spi.c     ****     /**SPI1 GPIO Configuration
  76:Src/spi.c     ****     PA5     ------> SPI1_SCK
  77:Src/spi.c     ****     PA7     ------> SPI1_MOSI
  78:Src/spi.c     ****     */
  79:Src/spi.c     ****     GPIO_InitStruct.Pin = GPIO_PIN_5|GPIO_PIN_7;
  80:Src/spi.c     ****     GPIO_InitStruct.Mode = GPIO_MODE_AF_PP;
  81:Src/spi.c     ****     GPIO_InitStruct.Speed = GPIO_SPEED_FREQ_HIGH;
  82:Src/spi.c     ****     HAL_GPIO_Init(GPIOA, &GPIO_InitStruct);
  83:Src/spi.c     **** 
  84:Src/spi.c     ****   /* USER CODE BEGIN SPI1_MspInit 1 */
  85:Src/spi.c     **** 
  86:Src/spi.c     ****   /* USER CODE END SPI1_MspInit 1 */
  87:Src/spi.c     ****   }
  88:Src/spi.c     **** }
 140              		.loc 1 88 1 view .LVU38
 141 0016 07B0     		add	sp, sp, #28
 142              	.LCFI3:
ARM GAS  /var/folders/_f/88qcw_5n2jl40jjphvxyt7wh0000gn/T//cc1dTZ0U.s 			page 5


 143              		.cfi_remember_state
 144              		.cfi_def_cfa_offset 4
 145              		@ sp needed
 146 0018 5DF804FB 		ldr	pc, [sp], #4
 147              	.LVL4:
 148              	.L10:
 149              	.LCFI4:
 150              		.cfi_restore_state
  72:Src/spi.c     **** 
 151              		.loc 1 72 5 is_stmt 1 view .LVU39
 152              	.LBB2:
  72:Src/spi.c     **** 
 153              		.loc 1 72 5 view .LVU40
  72:Src/spi.c     **** 
 154              		.loc 1 72 5 view .LVU41
 155 001c 03F56043 		add	r3, r3, #57344
 156 0020 9A69     		ldr	r2, [r3, #24]
 157 0022 42F48052 		orr	r2, r2, #4096
 158 0026 9A61     		str	r2, [r3, #24]
  72:Src/spi.c     **** 
 159              		.loc 1 72 5 view .LVU42
 160 0028 9A69     		ldr	r2, [r3, #24]
 161 002a 02F48052 		and	r2, r2, #4096
 162 002e 0092     		str	r2, [sp]
  72:Src/spi.c     **** 
 163              		.loc 1 72 5 view .LVU43
 164 0030 009A     		ldr	r2, [sp]
 165              	.LBE2:
  72:Src/spi.c     **** 
 166              		.loc 1 72 5 view .LVU44
  74:Src/spi.c     ****     /**SPI1 GPIO Configuration
 167              		.loc 1 74 5 view .LVU45
 168              	.LBB3:
  74:Src/spi.c     ****     /**SPI1 GPIO Configuration
 169              		.loc 1 74 5 view .LVU46
  74:Src/spi.c     ****     /**SPI1 GPIO Configuration
 170              		.loc 1 74 5 view .LVU47
 171 0032 9A69     		ldr	r2, [r3, #24]
 172 0034 42F00402 		orr	r2, r2, #4
 173 0038 9A61     		str	r2, [r3, #24]
  74:Src/spi.c     ****     /**SPI1 GPIO Configuration
 174              		.loc 1 74 5 view .LVU48
 175 003a 9B69     		ldr	r3, [r3, #24]
 176 003c 03F00403 		and	r3, r3, #4
 177 0040 0193     		str	r3, [sp, #4]
  74:Src/spi.c     ****     /**SPI1 GPIO Configuration
 178              		.loc 1 74 5 view .LVU49
 179 0042 019B     		ldr	r3, [sp, #4]
 180              	.LBE3:
  74:Src/spi.c     ****     /**SPI1 GPIO Configuration
 181              		.loc 1 74 5 view .LVU50
  79:Src/spi.c     ****     GPIO_InitStruct.Mode = GPIO_MODE_AF_PP;
 182              		.loc 1 79 5 view .LVU51
  79:Src/spi.c     ****     GPIO_InitStruct.Mode = GPIO_MODE_AF_PP;
 183              		.loc 1 79 25 is_stmt 0 view .LVU52
 184 0044 A023     		movs	r3, #160
 185 0046 0293     		str	r3, [sp, #8]
ARM GAS  /var/folders/_f/88qcw_5n2jl40jjphvxyt7wh0000gn/T//cc1dTZ0U.s 			page 6


  80:Src/spi.c     ****     GPIO_InitStruct.Speed = GPIO_SPEED_FREQ_HIGH;
 186              		.loc 1 80 5 is_stmt 1 view .LVU53
  80:Src/spi.c     ****     GPIO_InitStruct.Speed = GPIO_SPEED_FREQ_HIGH;
 187              		.loc 1 80 26 is_stmt 0 view .LVU54
 188 0048 0223     		movs	r3, #2
 189 004a 0393     		str	r3, [sp, #12]
  81:Src/spi.c     ****     HAL_GPIO_Init(GPIOA, &GPIO_InitStruct);
 190              		.loc 1 81 5 is_stmt 1 view .LVU55
  81:Src/spi.c     ****     HAL_GPIO_Init(GPIOA, &GPIO_InitStruct);
 191              		.loc 1 81 27 is_stmt 0 view .LVU56
 192 004c 0323     		movs	r3, #3
 193 004e 0593     		str	r3, [sp, #20]
  82:Src/spi.c     **** 
 194              		.loc 1 82 5 is_stmt 1 view .LVU57
 195 0050 02A9     		add	r1, sp, #8
 196 0052 0348     		ldr	r0, .L11+4
 197              	.LVL5:
  82:Src/spi.c     **** 
 198              		.loc 1 82 5 is_stmt 0 view .LVU58
 199 0054 FFF7FEFF 		bl	HAL_GPIO_Init
 200              	.LVL6:
 201              		.loc 1 88 1 view .LVU59
 202 0058 DDE7     		b	.L7
 203              	.L12:
 204 005a 00BF     		.align	2
 205              	.L11:
 206 005c 00300140 		.word	1073819648
 207 0060 00080140 		.word	1073809408
 208              		.cfi_endproc
 209              	.LFE66:
 211              		.section	.text.HAL_SPI_MspDeInit,"ax",%progbits
 212              		.align	1
 213              		.global	HAL_SPI_MspDeInit
 214              		.syntax unified
 215              		.thumb
 216              		.thumb_func
 218              	HAL_SPI_MspDeInit:
 219              	.LVL7:
 220              	.LFB67:
  89:Src/spi.c     **** 
  90:Src/spi.c     **** void HAL_SPI_MspDeInit(SPI_HandleTypeDef* spiHandle)
  91:Src/spi.c     **** {
 221              		.loc 1 91 1 is_stmt 1 view -0
 222              		.cfi_startproc
 223              		@ args = 0, pretend = 0, frame = 0
 224              		@ frame_needed = 0, uses_anonymous_args = 0
 225              		.loc 1 91 1 is_stmt 0 view .LVU61
 226 0000 08B5     		push	{r3, lr}
 227              	.LCFI5:
 228              		.cfi_def_cfa_offset 8
 229              		.cfi_offset 3, -8
 230              		.cfi_offset 14, -4
  92:Src/spi.c     **** 
  93:Src/spi.c     ****   if(spiHandle->Instance==SPI1)
 231              		.loc 1 93 3 is_stmt 1 view .LVU62
 232              		.loc 1 93 15 is_stmt 0 view .LVU63
 233 0002 0268     		ldr	r2, [r0]
ARM GAS  /var/folders/_f/88qcw_5n2jl40jjphvxyt7wh0000gn/T//cc1dTZ0U.s 			page 7


 234              		.loc 1 93 5 view .LVU64
 235 0004 064B     		ldr	r3, .L17
 236 0006 9A42     		cmp	r2, r3
 237 0008 00D0     		beq	.L16
 238              	.LVL8:
 239              	.L13:
  94:Src/spi.c     ****   {
  95:Src/spi.c     ****   /* USER CODE BEGIN SPI1_MspDeInit 0 */
  96:Src/spi.c     **** 
  97:Src/spi.c     ****   /* USER CODE END SPI1_MspDeInit 0 */
  98:Src/spi.c     ****     /* Peripheral clock disable */
  99:Src/spi.c     ****     __HAL_RCC_SPI1_CLK_DISABLE();
 100:Src/spi.c     **** 
 101:Src/spi.c     ****     /**SPI1 GPIO Configuration
 102:Src/spi.c     ****     PA5     ------> SPI1_SCK
 103:Src/spi.c     ****     PA7     ------> SPI1_MOSI
 104:Src/spi.c     ****     */
 105:Src/spi.c     ****     HAL_GPIO_DeInit(GPIOA, GPIO_PIN_5|GPIO_PIN_7);
 106:Src/spi.c     **** 
 107:Src/spi.c     ****   /* USER CODE BEGIN SPI1_MspDeInit 1 */
 108:Src/spi.c     **** 
 109:Src/spi.c     ****   /* USER CODE END SPI1_MspDeInit 1 */
 110:Src/spi.c     ****   }
 111:Src/spi.c     **** }
 240              		.loc 1 111 1 view .LVU65
 241 000a 08BD     		pop	{r3, pc}
 242              	.LVL9:
 243              	.L16:
  99:Src/spi.c     **** 
 244              		.loc 1 99 5 is_stmt 1 view .LVU66
 245 000c 054A     		ldr	r2, .L17+4
 246 000e 9369     		ldr	r3, [r2, #24]
 247 0010 23F48053 		bic	r3, r3, #4096
 248 0014 9361     		str	r3, [r2, #24]
 105:Src/spi.c     **** 
 249              		.loc 1 105 5 view .LVU67
 250 0016 A021     		movs	r1, #160
 251 0018 0348     		ldr	r0, .L17+8
 252              	.LVL10:
 105:Src/spi.c     **** 
 253              		.loc 1 105 5 is_stmt 0 view .LVU68
 254 001a FFF7FEFF 		bl	HAL_GPIO_DeInit
 255              	.LVL11:
 256              		.loc 1 111 1 view .LVU69
 257 001e F4E7     		b	.L13
 258              	.L18:
 259              		.align	2
 260              	.L17:
 261 0020 00300140 		.word	1073819648
 262 0024 00100240 		.word	1073876992
 263 0028 00080140 		.word	1073809408
 264              		.cfi_endproc
 265              	.LFE67:
 267              		.global	hspi1
 268              		.section	.bss.hspi1,"aw",%nobits
 269              		.align	2
 270              		.set	.LANCHOR0,. + 0
ARM GAS  /var/folders/_f/88qcw_5n2jl40jjphvxyt7wh0000gn/T//cc1dTZ0U.s 			page 8


 273              	hspi1:
 274 0000 00000000 		.space	88
 274      00000000 
 274      00000000 
 274      00000000 
 274      00000000 
 275              		.text
 276              	.Letext0:
 277              		.file 2 "/Applications/ARM/arm-none-eabi/include/machine/_default_types.h"
 278              		.file 3 "/Applications/ARM/arm-none-eabi/include/sys/_stdint.h"
 279              		.file 4 "Drivers/CMSIS/Device/ST/STM32F1xx/Include/stm32f103xb.h"
 280              		.file 5 "Drivers/STM32F1xx_HAL_Driver/Inc/stm32f1xx_hal_def.h"
 281              		.file 6 "Drivers/STM32F1xx_HAL_Driver/Inc/stm32f1xx_hal_gpio.h"
 282              		.file 7 "Drivers/STM32F1xx_HAL_Driver/Inc/stm32f1xx_hal_dma.h"
 283              		.file 8 "Drivers/STM32F1xx_HAL_Driver/Inc/stm32f1xx_hal_spi.h"
 284              		.file 9 "Inc/main.h"
 285              		.file 10 "Inc/spi.h"
ARM GAS  /var/folders/_f/88qcw_5n2jl40jjphvxyt7wh0000gn/T//cc1dTZ0U.s 			page 9


DEFINED SYMBOLS
                            *ABS*:0000000000000000 spi.c
/var/folders/_f/88qcw_5n2jl40jjphvxyt7wh0000gn/T//cc1dTZ0U.s:18     .text.MX_SPI1_Init:0000000000000000 $t
/var/folders/_f/88qcw_5n2jl40jjphvxyt7wh0000gn/T//cc1dTZ0U.s:24     .text.MX_SPI1_Init:0000000000000000 MX_SPI1_Init
/var/folders/_f/88qcw_5n2jl40jjphvxyt7wh0000gn/T//cc1dTZ0U.s:97     .text.MX_SPI1_Init:000000000000003c $d
/var/folders/_f/88qcw_5n2jl40jjphvxyt7wh0000gn/T//cc1dTZ0U.s:103    .text.HAL_SPI_MspInit:0000000000000000 $t
/var/folders/_f/88qcw_5n2jl40jjphvxyt7wh0000gn/T//cc1dTZ0U.s:109    .text.HAL_SPI_MspInit:0000000000000000 HAL_SPI_MspInit
/var/folders/_f/88qcw_5n2jl40jjphvxyt7wh0000gn/T//cc1dTZ0U.s:206    .text.HAL_SPI_MspInit:000000000000005c $d
/var/folders/_f/88qcw_5n2jl40jjphvxyt7wh0000gn/T//cc1dTZ0U.s:212    .text.HAL_SPI_MspDeInit:0000000000000000 $t
/var/folders/_f/88qcw_5n2jl40jjphvxyt7wh0000gn/T//cc1dTZ0U.s:218    .text.HAL_SPI_MspDeInit:0000000000000000 HAL_SPI_MspDeInit
/var/folders/_f/88qcw_5n2jl40jjphvxyt7wh0000gn/T//cc1dTZ0U.s:261    .text.HAL_SPI_MspDeInit:0000000000000020 $d
/var/folders/_f/88qcw_5n2jl40jjphvxyt7wh0000gn/T//cc1dTZ0U.s:273    .bss.hspi1:0000000000000000 hspi1
/var/folders/_f/88qcw_5n2jl40jjphvxyt7wh0000gn/T//cc1dTZ0U.s:269    .bss.hspi1:0000000000000000 $d

UNDEFINED SYMBOLS
HAL_SPI_Init
Error_Handler
HAL_GPIO_Init
HAL_GPIO_DeInit
